============================= test session starts =============================
platform win32 -- Python 3.11.15, pytest-9.0.2, pluggy-1.6.0 -- C:\Users\ZNBC\.conda\envs\ai-infer-test\python.exe
cachedir: .pytest_cache
hypothesis profile 'default'
benchmark: 5.2.3 (defaults: timer=time.perf_counter disable_gc=False min_rounds=5 min_time=0.000005 max_time=1.0 calibration_precision=10 warmup=False warmup_iterations=100000)
metadata: {'Python': '3.11.15', 'Platform': 'Windows-10-10.0.26200-SP0', 'Packages': {'pytest': '9.0.2', 'pluggy': '1.6.0'}, 'Plugins': {'anyio': '4.12.1', 'hypothesis': '6.151.9', 'locust': '2.43.3', 'asyncio': '1.3.0', 'benchmark': '5.2.3', 'cov': '7.0.0', 'html': '4.2.0', 'metadata': '3.1.1'}, 'JAVA_HOME': 'F:\\java8\\jdk'}
rootdir: F:\code\ai-infer-test
plugins: anyio-4.12.1, hypothesis-6.151.9, locust-2.43.3, asyncio-1.3.0, benchmark-5.2.3, cov-7.0.0, html-4.2.0, metadata-3.1.1
asyncio: mode=Mode.STRICT, debug=False, asyncio_default_fixture_loop_scope=None, asyncio_default_test_loop_scope=function
collecting ... collected 11 items

code_tests/app_test.py::test_health FAILED                               [  9%]
code_tests/app_test.py::test_list_models FAILED                          [ 18%]
code_tests/app_test.py::test_classify_sports FAILED                      [ 27%]
code_tests/app_test.py::test_classify_empty_text_returns_422 FAILED      [ 36%]
code_tests/app_test.py::test_classify_missing_field_returns_422 FAILED   [ 45%]
code_tests/app_test.py::test_batch_classify FAILED                       [ 54%]
code_tests/app_test.py::test_batch_classify_empty_list_returns_422 FAILED [ 63%]
code_tests/app_test.py::test_generate FAILED                             [ 72%]
code_tests/app_test.py::test_generate_empty_prompt_returns_422 FAILED    [ 81%]
code_tests/app_test.py::test_metrics_after_requests FAILED               [ 90%]
code_tests/app_test.py::test_rate_limit_triggers_429 FAILED              [100%]

================================== FAILURES ===================================
_________________________________ test_health _________________________________
code_tests\app_test.py:47: in test_health
    assert data["models_loaded"] == 2   # text_classifier + text_generator
    ^^^^^^^^^^^^^^^^^^^^^^^^^^^^^^^^^
E   assert 0 == 2
______________________________ test_list_models _______________________________
code_tests\app_test.py:54: in test_list_models
    resp = await client.get("/api/v1/models")
           ^^^^^^^^^^^^^^^^^^^^^^^^^^^^^^^^^^
C:\Users\ZNBC\.conda\envs\ai-infer-test\Lib\site-packages\httpx\_client.py:1768: in get
    return await self.request(
C:\Users\ZNBC\.conda\envs\ai-infer-test\Lib\site-packages\httpx\_client.py:1540: in request
    return await self.send(request, auth=auth, follow_redirects=follow_redirects)
           ^^^^^^^^^^^^^^^^^^^^^^^^^^^^^^^^^^^^^^^^^^^^^^^^^^^^^^^^^^^^^^^^^^^^^^
C:\Users\ZNBC\.conda\envs\ai-infer-test\Lib\site-packages\httpx\_client.py:1629: in send
    response = await self._send_handling_auth(
C:\Users\ZNBC\.conda\envs\ai-infer-test\Lib\site-packages\httpx\_client.py:1657: in _send_handling_auth
    response = await self._send_handling_redirects(
C:\Users\ZNBC\.conda\envs\ai-infer-test\Lib\site-packages\httpx\_client.py:1694: in _send_handling_redirects
    response = await self._send_single_request(request)
               ^^^^^^^^^^^^^^^^^^^^^^^^^^^^^^^^^^^^^^^^
C:\Users\ZNBC\.conda\envs\ai-infer-test\Lib\site-packages\httpx\_client.py:1730: in _send_single_request
    response = await transport.handle_async_request(request)
               ^^^^^^^^^^^^^^^^^^^^^^^^^^^^^^^^^^^^^^^^^^^^^
C:\Users\ZNBC\.conda\envs\ai-infer-test\Lib\site-packages\httpx\_transports\asgi.py:170: in handle_async_request
    await self.app(scope, receive, send)
C:\Users\ZNBC\.conda\envs\ai-infer-test\Lib\site-packages\fastapi\applications.py:1160: in __call__
    await super().__call__(scope, receive, send)
C:\Users\ZNBC\.conda\envs\ai-infer-test\Lib\site-packages\starlette\applications.py:107: in __call__
    await self.middleware_stack(scope, receive, send)
C:\Users\ZNBC\.conda\envs\ai-infer-test\Lib\site-packages\starlette\middleware\errors.py:186: in __call__
    raise exc
C:\Users\ZNBC\.conda\envs\ai-infer-test\Lib\site-packages\starlette\middleware\errors.py:164: in __call__
    await self.app(scope, receive, _send)
C:\Users\ZNBC\.conda\envs\ai-infer-test\Lib\site-packages\starlette\middleware\base.py:191: in __call__
    with recv_stream, send_stream, collapse_excgroups():
C:\Users\ZNBC\.conda\envs\ai-infer-test\Lib\contextlib.py:158: in __exit__
    self.gen.throw(typ, value, traceback)
C:\Users\ZNBC\.conda\envs\ai-infer-test\Lib\site-packages\starlette\_utils.py:87: in collapse_excgroups
    raise exc
C:\Users\ZNBC\.conda\envs\ai-infer-test\Lib\site-packages\starlette\middleware\base.py:193: in __call__
    response = await self.dispatch_func(request, call_next)
               ^^^^^^^^^^^^^^^^^^^^^^^^^^^^^^^^^^^^^^^^^^^^
src\middleware\rate_limiter.py:215: in dispatch
    response = await call_next(request)
               ^^^^^^^^^^^^^^^^^^^^^^^^
C:\Users\ZNBC\.conda\envs\ai-infer-test\Lib\site-packages\starlette\middleware\base.py:168: in call_next
    raise app_exc from app_exc.__cause__ or app_exc.__context__
C:\Users\ZNBC\.conda\envs\ai-infer-test\Lib\site-packages\starlette\middleware\base.py:144: in coro
    await self.app(scope, receive_or_disconnect, send_no_error)
C:\Users\ZNBC\.conda\envs\ai-infer-test\Lib\site-packages\starlette\middleware\exceptions.py:63: in __call__
    await wrap_app_handling_exceptions(self.app, conn)(scope, receive, send)
C:\Users\ZNBC\.conda\envs\ai-infer-test\Lib\site-packages\starlette\_exception_handler.py:53: in wrapped_app
    raise exc
C:\Users\ZNBC\.conda\envs\ai-infer-test\Lib\site-packages\starlette\_exception_handler.py:42: in wrapped_app
    await app(scope, receive, sender)
C:\Users\ZNBC\.conda\envs\ai-infer-test\Lib\site-packages\fastapi\middleware\asyncexitstack.py:18: in __call__
    await self.app(scope, receive, send)
C:\Users\ZNBC\.conda\envs\ai-infer-test\Lib\site-packages\starlette\routing.py:716: in __call__
    await self.middleware_stack(scope, receive, send)
C:\Users\ZNBC\.conda\envs\ai-infer-test\Lib\site-packages\starlette\routing.py:736: in app
    await route.handle(scope, receive, send)
C:\Users\ZNBC\.conda\envs\ai-infer-test\Lib\site-packages\starlette\routing.py:290: in handle
    await self.app(scope, receive, send)
C:\Users\ZNBC\.conda\envs\ai-infer-test\Lib\site-packages\fastapi\routing.py:130: in app
    await wrap_app_handling_exceptions(app, request)(scope, receive, send)
C:\Users\ZNBC\.conda\envs\ai-infer-test\Lib\site-packages\starlette\_exception_handler.py:53: in wrapped_app
    raise exc
C:\Users\ZNBC\.conda\envs\ai-infer-test\Lib\site-packages\starlette\_exception_handler.py:42: in wrapped_app
    await app(scope, receive, sender)
C:\Users\ZNBC\.conda\envs\ai-infer-test\Lib\site-packages\fastapi\routing.py:116: in app
    response = await f(request)
               ^^^^^^^^^^^^^^^^
C:\Users\ZNBC\.conda\envs\ai-infer-test\Lib\site-packages\fastapi\routing.py:453: in app
    solved_result = await solve_dependencies(
C:\Users\ZNBC\.conda\envs\ai-infer-test\Lib\site-packages\fastapi\dependencies\utils.py:677: in solve_dependencies
    solved = await run_in_threadpool(call, **solved_result.values)
             ^^^^^^^^^^^^^^^^^^^^^^^^^^^^^^^^^^^^^^^^^^^^^^^^^^^^^
C:\Users\ZNBC\.conda\envs\ai-infer-test\Lib\site-packages\starlette\concurrency.py:32: in run_in_threadpool
    return await anyio.to_thread.run_sync(func)
           ^^^^^^^^^^^^^^^^^^^^^^^^^^^^^^^^^^^^
c:\Users\ZNBC\.conda\envs\ai-infer-test\Lib\site-packages\anyio\to_thread.py:63: in run_sync
    return await get_async_backend().run_sync_in_worker_thread(
c:\Users\ZNBC\.conda\envs\ai-infer-test\Lib\site-packages\anyio\_backends\_asyncio.py:2502: in run_sync_in_worker_thread
    return await future
           ^^^^^^^^^^^^
c:\Users\ZNBC\.conda\envs\ai-infer-test\Lib\site-packages\anyio\_backends\_asyncio.py:986: in run
    result = context.run(func, *args)
             ^^^^^^^^^^^^^^^^^^^^^^^^
src\app.py:172: in get_registry
    raise RuntimeError("ModelRegistry not initialized")
E   RuntimeError: ModelRegistry not initialized
---------------------------- Captured stdout call -----------------------------
2026-03-16 22:28:15 [error    ] unhandled_exception            [src.app] exc_msg='ModelRegistry not initialized' exc_type=RuntimeError
____________________________ test_classify_sports _____________________________
code_tests\app_test.py:69: in test_classify_sports
    resp = await client.post(
C:\Users\ZNBC\.conda\envs\ai-infer-test\Lib\site-packages\httpx\_client.py:1859: in post
    return await self.request(
C:\Users\ZNBC\.conda\envs\ai-infer-test\Lib\site-packages\httpx\_client.py:1540: in request
    return await self.send(request, auth=auth, follow_redirects=follow_redirects)
           ^^^^^^^^^^^^^^^^^^^^^^^^^^^^^^^^^^^^^^^^^^^^^^^^^^^^^^^^^^^^^^^^^^^^^^
C:\Users\ZNBC\.conda\envs\ai-infer-test\Lib\site-packages\httpx\_client.py:1629: in send
    response = await self._send_handling_auth(
C:\Users\ZNBC\.conda\envs\ai-infer-test\Lib\site-packages\httpx\_client.py:1657: in _send_handling_auth
    response = await self._send_handling_redirects(
C:\Users\ZNBC\.conda\envs\ai-infer-test\Lib\site-packages\httpx\_client.py:1694: in _send_handling_redirects
    response = await self._send_single_request(request)
               ^^^^^^^^^^^^^^^^^^^^^^^^^^^^^^^^^^^^^^^^
C:\Users\ZNBC\.conda\envs\ai-infer-test\Lib\site-packages\httpx\_client.py:1730: in _send_single_request
    response = await transport.handle_async_request(request)
               ^^^^^^^^^^^^^^^^^^^^^^^^^^^^^^^^^^^^^^^^^^^^^
C:\Users\ZNBC\.conda\envs\ai-infer-test\Lib\site-packages\httpx\_transports\asgi.py:170: in handle_async_request
    await self.app(scope, receive, send)
C:\Users\ZNBC\.conda\envs\ai-infer-test\Lib\site-packages\fastapi\applications.py:1160: in __call__
    await super().__call__(scope, receive, send)
C:\Users\ZNBC\.conda\envs\ai-infer-test\Lib\site-packages\starlette\applications.py:107: in __call__
    await self.middleware_stack(scope, receive, send)
C:\Users\ZNBC\.conda\envs\ai-infer-test\Lib\site-packages\starlette\middleware\errors.py:186: in __call__
    raise exc
C:\Users\ZNBC\.conda\envs\ai-infer-test\Lib\site-packages\starlette\middleware\errors.py:164: in __call__
    await self.app(scope, receive, _send)
C:\Users\ZNBC\.conda\envs\ai-infer-test\Lib\site-packages\starlette\middleware\base.py:191: in __call__
    with recv_stream, send_stream, collapse_excgroups():
C:\Users\ZNBC\.conda\envs\ai-infer-test\Lib\contextlib.py:158: in __exit__
    self.gen.throw(typ, value, traceback)
C:\Users\ZNBC\.conda\envs\ai-infer-test\Lib\site-packages\starlette\_utils.py:87: in collapse_excgroups
    raise exc
C:\Users\ZNBC\.conda\envs\ai-infer-test\Lib\site-packages\starlette\middleware\base.py:193: in __call__
    response = await self.dispatch_func(request, call_next)
               ^^^^^^^^^^^^^^^^^^^^^^^^^^^^^^^^^^^^^^^^^^^^
src\middleware\rate_limiter.py:215: in dispatch
    response = await call_next(request)
               ^^^^^^^^^^^^^^^^^^^^^^^^
C:\Users\ZNBC\.conda\envs\ai-infer-test\Lib\site-packages\starlette\middleware\base.py:168: in call_next
    raise app_exc from app_exc.__cause__ or app_exc.__context__
C:\Users\ZNBC\.conda\envs\ai-infer-test\Lib\site-packages\starlette\middleware\base.py:144: in coro
    await self.app(scope, receive_or_disconnect, send_no_error)
C:\Users\ZNBC\.conda\envs\ai-infer-test\Lib\site-packages\starlette\middleware\exceptions.py:63: in __call__
    await wrap_app_handling_exceptions(self.app, conn)(scope, receive, send)
C:\Users\ZNBC\.conda\envs\ai-infer-test\Lib\site-packages\starlette\_exception_handler.py:53: in wrapped_app
    raise exc
C:\Users\ZNBC\.conda\envs\ai-infer-test\Lib\site-packages\starlette\_exception_handler.py:42: in wrapped_app
    await app(scope, receive, sender)
C:\Users\ZNBC\.conda\envs\ai-infer-test\Lib\site-packages\fastapi\middleware\asyncexitstack.py:18: in __call__
    await self.app(scope, receive, send)
C:\Users\ZNBC\.conda\envs\ai-infer-test\Lib\site-packages\starlette\routing.py:716: in __call__
    await self.middleware_stack(scope, receive, send)
C:\Users\ZNBC\.conda\envs\ai-infer-test\Lib\site-packages\starlette\routing.py:736: in app
    await route.handle(scope, receive, send)
C:\Users\ZNBC\.conda\envs\ai-infer-test\Lib\site-packages\starlette\routing.py:290: in handle
    await self.app(scope, receive, send)
C:\Users\ZNBC\.conda\envs\ai-infer-test\Lib\site-packages\fastapi\routing.py:130: in app
    await wrap_app_handling_exceptions(app, request)(scope, receive, send)
C:\Users\ZNBC\.conda\envs\ai-infer-test\Lib\site-packages\starlette\_exception_handler.py:53: in wrapped_app
    raise exc
C:\Users\ZNBC\.conda\envs\ai-infer-test\Lib\site-packages\starlette\_exception_handler.py:42: in wrapped_app
    await app(scope, receive, sender)
C:\Users\ZNBC\.conda\envs\ai-infer-test\Lib\site-packages\fastapi\routing.py:116: in app
    response = await f(request)
               ^^^^^^^^^^^^^^^^
C:\Users\ZNBC\.conda\envs\ai-infer-test\Lib\site-packages\fastapi\routing.py:453: in app
    solved_result = await solve_dependencies(
C:\Users\ZNBC\.conda\envs\ai-infer-test\Lib\site-packages\fastapi\dependencies\utils.py:677: in solve_dependencies
    solved = await run_in_threadpool(call, **solved_result.values)
             ^^^^^^^^^^^^^^^^^^^^^^^^^^^^^^^^^^^^^^^^^^^^^^^^^^^^^
C:\Users\ZNBC\.conda\envs\ai-infer-test\Lib\site-packages\starlette\concurrency.py:32: in run_in_threadpool
    return await anyio.to_thread.run_sync(func)
           ^^^^^^^^^^^^^^^^^^^^^^^^^^^^^^^^^^^^
c:\Users\ZNBC\.conda\envs\ai-infer-test\Lib\site-packages\anyio\to_thread.py:63: in run_sync
    return await get_async_backend().run_sync_in_worker_thread(
c:\Users\ZNBC\.conda\envs\ai-infer-test\Lib\site-packages\anyio\_backends\_asyncio.py:2502: in run_sync_in_worker_thread
    return await future
           ^^^^^^^^^^^^
c:\Users\ZNBC\.conda\envs\ai-infer-test\Lib\site-packages\anyio\_backends\_asyncio.py:986: in run
    result = context.run(func, *args)
             ^^^^^^^^^^^^^^^^^^^^^^^^
src\app.py:186: in get_engine
    raise RuntimeError("InferenceEngine not initialized")
E   RuntimeError: InferenceEngine not initialized
---------------------------- Captured stdout call -----------------------------
2026-03-16 22:28:15 [error    ] unhandled_exception            [src.app] exc_msg='InferenceEngine not initialized' exc_type=RuntimeError
____________________ test_classify_empty_text_returns_422 _____________________
code_tests\app_test.py:84: in test_classify_empty_text_returns_422
    resp = await client.post("/api/v1/classify", json={"text": ""})
           ^^^^^^^^^^^^^^^^^^^^^^^^^^^^^^^^^^^^^^^^^^^^^^^^^^^^^^^^
C:\Users\ZNBC\.conda\envs\ai-infer-test\Lib\site-packages\httpx\_client.py:1859: in post
    return await self.request(
C:\Users\ZNBC\.conda\envs\ai-infer-test\Lib\site-packages\httpx\_client.py:1540: in request
    return await self.send(request, auth=auth, follow_redirects=follow_redirects)
           ^^^^^^^^^^^^^^^^^^^^^^^^^^^^^^^^^^^^^^^^^^^^^^^^^^^^^^^^^^^^^^^^^^^^^^
C:\Users\ZNBC\.conda\envs\ai-infer-test\Lib\site-packages\httpx\_client.py:1629: in send
    response = await self._send_handling_auth(
C:\Users\ZNBC\.conda\envs\ai-infer-test\Lib\site-packages\httpx\_client.py:1657: in _send_handling_auth
    response = await self._send_handling_redirects(
C:\Users\ZNBC\.conda\envs\ai-infer-test\Lib\site-packages\httpx\_client.py:1694: in _send_handling_redirects
    response = await self._send_single_request(request)
               ^^^^^^^^^^^^^^^^^^^^^^^^^^^^^^^^^^^^^^^^
C:\Users\ZNBC\.conda\envs\ai-infer-test\Lib\site-packages\httpx\_client.py:1730: in _send_single_request
    response = await transport.handle_async_request(request)
               ^^^^^^^^^^^^^^^^^^^^^^^^^^^^^^^^^^^^^^^^^^^^^
C:\Users\ZNBC\.conda\envs\ai-infer-test\Lib\site-packages\httpx\_transports\asgi.py:170: in handle_async_request
    await self.app(scope, receive, send)
C:\Users\ZNBC\.conda\envs\ai-infer-test\Lib\site-packages\fastapi\applications.py:1160: in __call__
    await super().__call__(scope, receive, send)
C:\Users\ZNBC\.conda\envs\ai-infer-test\Lib\site-packages\starlette\applications.py:107: in __call__
    await self.middleware_stack(scope, receive, send)
C:\Users\ZNBC\.conda\envs\ai-infer-test\Lib\site-packages\starlette\middleware\errors.py:186: in __call__
    raise exc
C:\Users\ZNBC\.conda\envs\ai-infer-test\Lib\site-packages\starlette\middleware\errors.py:164: in __call__
    await self.app(scope, receive, _send)
C:\Users\ZNBC\.conda\envs\ai-infer-test\Lib\site-packages\starlette\middleware\base.py:191: in __call__
    with recv_stream, send_stream, collapse_excgroups():
C:\Users\ZNBC\.conda\envs\ai-infer-test\Lib\contextlib.py:158: in __exit__
    self.gen.throw(typ, value, traceback)
C:\Users\ZNBC\.conda\envs\ai-infer-test\Lib\site-packages\starlette\_utils.py:87: in collapse_excgroups
    raise exc
C:\Users\ZNBC\.conda\envs\ai-infer-test\Lib\site-packages\starlette\middleware\base.py:193: in __call__
    response = await self.dispatch_func(request, call_next)
               ^^^^^^^^^^^^^^^^^^^^^^^^^^^^^^^^^^^^^^^^^^^^
src\middleware\rate_limiter.py:215: in dispatch
    response = await call_next(request)
               ^^^^^^^^^^^^^^^^^^^^^^^^
C:\Users\ZNBC\.conda\envs\ai-infer-test\Lib\site-packages\starlette\middleware\base.py:168: in call_next
    raise app_exc from app_exc.__cause__ or app_exc.__context__
C:\Users\ZNBC\.conda\envs\ai-infer-test\Lib\site-packages\starlette\middleware\base.py:144: in coro
    await self.app(scope, receive_or_disconnect, send_no_error)
C:\Users\ZNBC\.conda\envs\ai-infer-test\Lib\site-packages\starlette\middleware\exceptions.py:63: in __call__
    await wrap_app_handling_exceptions(self.app, conn)(scope, receive, send)
C:\Users\ZNBC\.conda\envs\ai-infer-test\Lib\site-packages\starlette\_exception_handler.py:53: in wrapped_app
    raise exc
C:\Users\ZNBC\.conda\envs\ai-infer-test\Lib\site-packages\starlette\_exception_handler.py:42: in wrapped_app
    await app(scope, receive, sender)
C:\Users\ZNBC\.conda\envs\ai-infer-test\Lib\site-packages\fastapi\middleware\asyncexitstack.py:18: in __call__
    await self.app(scope, receive, send)
C:\Users\ZNBC\.conda\envs\ai-infer-test\Lib\site-packages\starlette\routing.py:716: in __call__
    await self.middleware_stack(scope, receive, send)
C:\Users\ZNBC\.conda\envs\ai-infer-test\Lib\site-packages\starlette\routing.py:736: in app
    await route.handle(scope, receive, send)
C:\Users\ZNBC\.conda\envs\ai-infer-test\Lib\site-packages\starlette\routing.py:290: in handle
    await self.app(scope, receive, send)
C:\Users\ZNBC\.conda\envs\ai-infer-test\Lib\site-packages\fastapi\routing.py:130: in app
    await wrap_app_handling_exceptions(app, request)(scope, receive, send)
C:\Users\ZNBC\.conda\envs\ai-infer-test\Lib\site-packages\starlette\_exception_handler.py:53: in wrapped_app
    raise exc
C:\Users\ZNBC\.conda\envs\ai-infer-test\Lib\site-packages\starlette\_exception_handler.py:42: in wrapped_app
    await app(scope, receive, sender)
C:\Users\ZNBC\.conda\envs\ai-infer-test\Lib\site-packages\fastapi\routing.py:116: in app
    response = await f(request)
               ^^^^^^^^^^^^^^^^
C:\Users\ZNBC\.conda\envs\ai-infer-test\Lib\site-packages\fastapi\routing.py:453: in app
    solved_result = await solve_dependencies(
C:\Users\ZNBC\.conda\envs\ai-infer-test\Lib\site-packages\fastapi\dependencies\utils.py:677: in solve_dependencies
    solved = await run_in_threadpool(call, **solved_result.values)
             ^^^^^^^^^^^^^^^^^^^^^^^^^^^^^^^^^^^^^^^^^^^^^^^^^^^^^
C:\Users\ZNBC\.conda\envs\ai-infer-test\Lib\site-packages\starlette\concurrency.py:32: in run_in_threadpool
    return await anyio.to_thread.run_sync(func)
           ^^^^^^^^^^^^^^^^^^^^^^^^^^^^^^^^^^^^
c:\Users\ZNBC\.conda\envs\ai-infer-test\Lib\site-packages\anyio\to_thread.py:63: in run_sync
    return await get_async_backend().run_sync_in_worker_thread(
c:\Users\ZNBC\.conda\envs\ai-infer-test\Lib\site-packages\anyio\_backends\_asyncio.py:2502: in run_sync_in_worker_thread
    return await future
           ^^^^^^^^^^^^
c:\Users\ZNBC\.conda\envs\ai-infer-test\Lib\site-packages\anyio\_backends\_asyncio.py:986: in run
    result = context.run(func, *args)
             ^^^^^^^^^^^^^^^^^^^^^^^^
src\app.py:186: in get_engine
    raise RuntimeError("InferenceEngine not initialized")
E   RuntimeError: InferenceEngine not initialized
---------------------------- Captured stdout call -----------------------------
2026-03-16 22:28:15 [error    ] unhandled_exception            [src.app] exc_msg='InferenceEngine not initialized' exc_type=RuntimeError
___________________ test_classify_missing_field_returns_422 ___________________
code_tests\app_test.py:91: in test_classify_missing_field_returns_422
    resp = await client.post("/api/v1/classify", json={})
           ^^^^^^^^^^^^^^^^^^^^^^^^^^^^^^^^^^^^^^^^^^^^^^
C:\Users\ZNBC\.conda\envs\ai-infer-test\Lib\site-packages\httpx\_client.py:1859: in post
    return await self.request(
C:\Users\ZNBC\.conda\envs\ai-infer-test\Lib\site-packages\httpx\_client.py:1540: in request
    return await self.send(request, auth=auth, follow_redirects=follow_redirects)
           ^^^^^^^^^^^^^^^^^^^^^^^^^^^^^^^^^^^^^^^^^^^^^^^^^^^^^^^^^^^^^^^^^^^^^^
C:\Users\ZNBC\.conda\envs\ai-infer-test\Lib\site-packages\httpx\_client.py:1629: in send
    response = await self._send_handling_auth(
C:\Users\ZNBC\.conda\envs\ai-infer-test\Lib\site-packages\httpx\_client.py:1657: in _send_handling_auth
    response = await self._send_handling_redirects(
C:\Users\ZNBC\.conda\envs\ai-infer-test\Lib\site-packages\httpx\_client.py:1694: in _send_handling_redirects
    response = await self._send_single_request(request)
               ^^^^^^^^^^^^^^^^^^^^^^^^^^^^^^^^^^^^^^^^
C:\Users\ZNBC\.conda\envs\ai-infer-test\Lib\site-packages\httpx\_client.py:1730: in _send_single_request
    response = await transport.handle_async_request(request)
               ^^^^^^^^^^^^^^^^^^^^^^^^^^^^^^^^^^^^^^^^^^^^^
C:\Users\ZNBC\.conda\envs\ai-infer-test\Lib\site-packages\httpx\_transports\asgi.py:170: in handle_async_request
    await self.app(scope, receive, send)
C:\Users\ZNBC\.conda\envs\ai-infer-test\Lib\site-packages\fastapi\applications.py:1160: in __call__
    await super().__call__(scope, receive, send)
C:\Users\ZNBC\.conda\envs\ai-infer-test\Lib\site-packages\starlette\applications.py:107: in __call__
    await self.middleware_stack(scope, receive, send)
C:\Users\ZNBC\.conda\envs\ai-infer-test\Lib\site-packages\starlette\middleware\errors.py:186: in __call__
    raise exc
C:\Users\ZNBC\.conda\envs\ai-infer-test\Lib\site-packages\starlette\middleware\errors.py:164: in __call__
    await self.app(scope, receive, _send)
C:\Users\ZNBC\.conda\envs\ai-infer-test\Lib\site-packages\starlette\middleware\base.py:191: in __call__
    with recv_stream, send_stream, collapse_excgroups():
C:\Users\ZNBC\.conda\envs\ai-infer-test\Lib\contextlib.py:158: in __exit__
    self.gen.throw(typ, value, traceback)
C:\Users\ZNBC\.conda\envs\ai-infer-test\Lib\site-packages\starlette\_utils.py:87: in collapse_excgroups
    raise exc
C:\Users\ZNBC\.conda\envs\ai-infer-test\Lib\site-packages\starlette\middleware\base.py:193: in __call__
    response = await self.dispatch_func(request, call_next)
               ^^^^^^^^^^^^^^^^^^^^^^^^^^^^^^^^^^^^^^^^^^^^
src\middleware\rate_limiter.py:215: in dispatch
    response = await call_next(request)
               ^^^^^^^^^^^^^^^^^^^^^^^^
C:\Users\ZNBC\.conda\envs\ai-infer-test\Lib\site-packages\starlette\middleware\base.py:168: in call_next
    raise app_exc from app_exc.__cause__ or app_exc.__context__
C:\Users\ZNBC\.conda\envs\ai-infer-test\Lib\site-packages\starlette\middleware\base.py:144: in coro
    await self.app(scope, receive_or_disconnect, send_no_error)
C:\Users\ZNBC\.conda\envs\ai-infer-test\Lib\site-packages\starlette\middleware\exceptions.py:63: in __call__
    await wrap_app_handling_exceptions(self.app, conn)(scope, receive, send)
C:\Users\ZNBC\.conda\envs\ai-infer-test\Lib\site-packages\starlette\_exception_handler.py:53: in wrapped_app
    raise exc
C:\Users\ZNBC\.conda\envs\ai-infer-test\Lib\site-packages\starlette\_exception_handler.py:42: in wrapped_app
    await app(scope, receive, sender)
C:\Users\ZNBC\.conda\envs\ai-infer-test\Lib\site-packages\fastapi\middleware\asyncexitstack.py:18: in __call__
    await self.app(scope, receive, send)
C:\Users\ZNBC\.conda\envs\ai-infer-test\Lib\site-packages\starlette\routing.py:716: in __call__
    await self.middleware_stack(scope, receive, send)
C:\Users\ZNBC\.conda\envs\ai-infer-test\Lib\site-packages\starlette\routing.py:736: in app
    await route.handle(scope, receive, send)
C:\Users\ZNBC\.conda\envs\ai-infer-test\Lib\site-packages\starlette\routing.py:290: in handle
    await self.app(scope, receive, send)
C:\Users\ZNBC\.conda\envs\ai-infer-test\Lib\site-packages\fastapi\routing.py:130: in app
    await wrap_app_handling_exceptions(app, request)(scope, receive, send)
C:\Users\ZNBC\.conda\envs\ai-infer-test\Lib\site-packages\starlette\_exception_handler.py:53: in wrapped_app
    raise exc
C:\Users\ZNBC\.conda\envs\ai-infer-test\Lib\site-packages\starlette\_exception_handler.py:42: in wrapped_app
    await app(scope, receive, sender)
C:\Users\ZNBC\.conda\envs\ai-infer-test\Lib\site-packages\fastapi\routing.py:116: in app
    response = await f(request)
               ^^^^^^^^^^^^^^^^
C:\Users\ZNBC\.conda\envs\ai-infer-test\Lib\site-packages\fastapi\routing.py:453: in app
    solved_result = await solve_dependencies(
C:\Users\ZNBC\.conda\envs\ai-infer-test\Lib\site-packages\fastapi\dependencies\utils.py:677: in solve_dependencies
    solved = await run_in_threadpool(call, **solved_result.values)
             ^^^^^^^^^^^^^^^^^^^^^^^^^^^^^^^^^^^^^^^^^^^^^^^^^^^^^
C:\Users\ZNBC\.conda\envs\ai-infer-test\Lib\site-packages\starlette\concurrency.py:32: in run_in_threadpool
    return await anyio.to_thread.run_sync(func)
           ^^^^^^^^^^^^^^^^^^^^^^^^^^^^^^^^^^^^
c:\Users\ZNBC\.conda\envs\ai-infer-test\Lib\site-packages\anyio\to_thread.py:63: in run_sync
    return await get_async_backend().run_sync_in_worker_thread(
c:\Users\ZNBC\.conda\envs\ai-infer-test\Lib\site-packages\anyio\_backends\_asyncio.py:2502: in run_sync_in_worker_thread
    return await future
           ^^^^^^^^^^^^
c:\Users\ZNBC\.conda\envs\ai-infer-test\Lib\site-packages\anyio\_backends\_asyncio.py:986: in run
    result = context.run(func, *args)
             ^^^^^^^^^^^^^^^^^^^^^^^^
src\app.py:186: in get_engine
    raise RuntimeError("InferenceEngine not initialized")
E   RuntimeError: InferenceEngine not initialized
---------------------------- Captured stdout call -----------------------------
2026-03-16 22:28:15 [error    ] unhandled_exception            [src.app] exc_msg='InferenceEngine not initialized' exc_type=RuntimeError
_____________________________ test_batch_classify _____________________________
code_tests\app_test.py:99: in test_batch_classify
    resp = await client.post(
C:\Users\ZNBC\.conda\envs\ai-infer-test\Lib\site-packages\httpx\_client.py:1859: in post
    return await self.request(
C:\Users\ZNBC\.conda\envs\ai-infer-test\Lib\site-packages\httpx\_client.py:1540: in request
    return await self.send(request, auth=auth, follow_redirects=follow_redirects)
           ^^^^^^^^^^^^^^^^^^^^^^^^^^^^^^^^^^^^^^^^^^^^^^^^^^^^^^^^^^^^^^^^^^^^^^
C:\Users\ZNBC\.conda\envs\ai-infer-test\Lib\site-packages\httpx\_client.py:1629: in send
    response = await self._send_handling_auth(
C:\Users\ZNBC\.conda\envs\ai-infer-test\Lib\site-packages\httpx\_client.py:1657: in _send_handling_auth
    response = await self._send_handling_redirects(
C:\Users\ZNBC\.conda\envs\ai-infer-test\Lib\site-packages\httpx\_client.py:1694: in _send_handling_redirects
    response = await self._send_single_request(request)
               ^^^^^^^^^^^^^^^^^^^^^^^^^^^^^^^^^^^^^^^^
C:\Users\ZNBC\.conda\envs\ai-infer-test\Lib\site-packages\httpx\_client.py:1730: in _send_single_request
    response = await transport.handle_async_request(request)
               ^^^^^^^^^^^^^^^^^^^^^^^^^^^^^^^^^^^^^^^^^^^^^
C:\Users\ZNBC\.conda\envs\ai-infer-test\Lib\site-packages\httpx\_transports\asgi.py:170: in handle_async_request
    await self.app(scope, receive, send)
C:\Users\ZNBC\.conda\envs\ai-infer-test\Lib\site-packages\fastapi\applications.py:1160: in __call__
    await super().__call__(scope, receive, send)
C:\Users\ZNBC\.conda\envs\ai-infer-test\Lib\site-packages\starlette\applications.py:107: in __call__
    await self.middleware_stack(scope, receive, send)
C:\Users\ZNBC\.conda\envs\ai-infer-test\Lib\site-packages\starlette\middleware\errors.py:186: in __call__
    raise exc
C:\Users\ZNBC\.conda\envs\ai-infer-test\Lib\site-packages\starlette\middleware\errors.py:164: in __call__
    await self.app(scope, receive, _send)
C:\Users\ZNBC\.conda\envs\ai-infer-test\Lib\site-packages\starlette\middleware\base.py:191: in __call__
    with recv_stream, send_stream, collapse_excgroups():
C:\Users\ZNBC\.conda\envs\ai-infer-test\Lib\contextlib.py:158: in __exit__
    self.gen.throw(typ, value, traceback)
C:\Users\ZNBC\.conda\envs\ai-infer-test\Lib\site-packages\starlette\_utils.py:87: in collapse_excgroups
    raise exc
C:\Users\ZNBC\.conda\envs\ai-infer-test\Lib\site-packages\starlette\middleware\base.py:193: in __call__
    response = await self.dispatch_func(request, call_next)
               ^^^^^^^^^^^^^^^^^^^^^^^^^^^^^^^^^^^^^^^^^^^^
src\middleware\rate_limiter.py:215: in dispatch
    response = await call_next(request)
               ^^^^^^^^^^^^^^^^^^^^^^^^
C:\Users\ZNBC\.conda\envs\ai-infer-test\Lib\site-packages\starlette\middleware\base.py:168: in call_next
    raise app_exc from app_exc.__cause__ or app_exc.__context__
C:\Users\ZNBC\.conda\envs\ai-infer-test\Lib\site-packages\starlette\middleware\base.py:144: in coro
    await self.app(scope, receive_or_disconnect, send_no_error)
C:\Users\ZNBC\.conda\envs\ai-infer-test\Lib\site-packages\starlette\middleware\exceptions.py:63: in __call__
    await wrap_app_handling_exceptions(self.app, conn)(scope, receive, send)
C:\Users\ZNBC\.conda\envs\ai-infer-test\Lib\site-packages\starlette\_exception_handler.py:53: in wrapped_app
    raise exc
C:\Users\ZNBC\.conda\envs\ai-infer-test\Lib\site-packages\starlette\_exception_handler.py:42: in wrapped_app
    await app(scope, receive, sender)
C:\Users\ZNBC\.conda\envs\ai-infer-test\Lib\site-packages\fastapi\middleware\asyncexitstack.py:18: in __call__
    await self.app(scope, receive, send)
C:\Users\ZNBC\.conda\envs\ai-infer-test\Lib\site-packages\starlette\routing.py:716: in __call__
    await self.middleware_stack(scope, receive, send)
C:\Users\ZNBC\.conda\envs\ai-infer-test\Lib\site-packages\starlette\routing.py:736: in app
    await route.handle(scope, receive, send)
C:\Users\ZNBC\.conda\envs\ai-infer-test\Lib\site-packages\starlette\routing.py:290: in handle
    await self.app(scope, receive, send)
C:\Users\ZNBC\.conda\envs\ai-infer-test\Lib\site-packages\fastapi\routing.py:130: in app
    await wrap_app_handling_exceptions(app, request)(scope, receive, send)
C:\Users\ZNBC\.conda\envs\ai-infer-test\Lib\site-packages\starlette\_exception_handler.py:53: in wrapped_app
    raise exc
C:\Users\ZNBC\.conda\envs\ai-infer-test\Lib\site-packages\starlette\_exception_handler.py:42: in wrapped_app
    await app(scope, receive, sender)
C:\Users\ZNBC\.conda\envs\ai-infer-test\Lib\site-packages\fastapi\routing.py:116: in app
    response = await f(request)
               ^^^^^^^^^^^^^^^^
C:\Users\ZNBC\.conda\envs\ai-infer-test\Lib\site-packages\fastapi\routing.py:453: in app
    solved_result = await solve_dependencies(
C:\Users\ZNBC\.conda\envs\ai-infer-test\Lib\site-packages\fastapi\dependencies\utils.py:677: in solve_dependencies
    solved = await run_in_threadpool(call, **solved_result.values)
             ^^^^^^^^^^^^^^^^^^^^^^^^^^^^^^^^^^^^^^^^^^^^^^^^^^^^^
C:\Users\ZNBC\.conda\envs\ai-infer-test\Lib\site-packages\starlette\concurrency.py:32: in run_in_threadpool
    return await anyio.to_thread.run_sync(func)
           ^^^^^^^^^^^^^^^^^^^^^^^^^^^^^^^^^^^^
c:\Users\ZNBC\.conda\envs\ai-infer-test\Lib\site-packages\anyio\to_thread.py:63: in run_sync
    return await get_async_backend().run_sync_in_worker_thread(
c:\Users\ZNBC\.conda\envs\ai-infer-test\Lib\site-packages\anyio\_backends\_asyncio.py:2502: in run_sync_in_worker_thread
    return await future
           ^^^^^^^^^^^^
c:\Users\ZNBC\.conda\envs\ai-infer-test\Lib\site-packages\anyio\_backends\_asyncio.py:986: in run
    result = context.run(func, *args)
             ^^^^^^^^^^^^^^^^^^^^^^^^
src\app.py:186: in get_engine
    raise RuntimeError("InferenceEngine not initialized")
E   RuntimeError: InferenceEngine not initialized
---------------------------- Captured stdout call -----------------------------
2026-03-16 22:28:16 [error    ] unhandled_exception            [src.app] exc_msg='InferenceEngine not initialized' exc_type=RuntimeError
_________________ test_batch_classify_empty_list_returns_422 __________________
code_tests\app_test.py:117: in test_batch_classify_empty_list_returns_422
    resp = await client.post("/api/v1/batch/classify", json={"texts": []})
           ^^^^^^^^^^^^^^^^^^^^^^^^^^^^^^^^^^^^^^^^^^^^^^^^^^^^^^^^^^^^^^^
C:\Users\ZNBC\.conda\envs\ai-infer-test\Lib\site-packages\httpx\_client.py:1859: in post
    return await self.request(
C:\Users\ZNBC\.conda\envs\ai-infer-test\Lib\site-packages\httpx\_client.py:1540: in request
    return await self.send(request, auth=auth, follow_redirects=follow_redirects)
           ^^^^^^^^^^^^^^^^^^^^^^^^^^^^^^^^^^^^^^^^^^^^^^^^^^^^^^^^^^^^^^^^^^^^^^
C:\Users\ZNBC\.conda\envs\ai-infer-test\Lib\site-packages\httpx\_client.py:1629: in send
    response = await self._send_handling_auth(
C:\Users\ZNBC\.conda\envs\ai-infer-test\Lib\site-packages\httpx\_client.py:1657: in _send_handling_auth
    response = await self._send_handling_redirects(
C:\Users\ZNBC\.conda\envs\ai-infer-test\Lib\site-packages\httpx\_client.py:1694: in _send_handling_redirects
    response = await self._send_single_request(request)
               ^^^^^^^^^^^^^^^^^^^^^^^^^^^^^^^^^^^^^^^^
C:\Users\ZNBC\.conda\envs\ai-infer-test\Lib\site-packages\httpx\_client.py:1730: in _send_single_request
    response = await transport.handle_async_request(request)
               ^^^^^^^^^^^^^^^^^^^^^^^^^^^^^^^^^^^^^^^^^^^^^
C:\Users\ZNBC\.conda\envs\ai-infer-test\Lib\site-packages\httpx\_transports\asgi.py:170: in handle_async_request
    await self.app(scope, receive, send)
C:\Users\ZNBC\.conda\envs\ai-infer-test\Lib\site-packages\fastapi\applications.py:1160: in __call__
    await super().__call__(scope, receive, send)
C:\Users\ZNBC\.conda\envs\ai-infer-test\Lib\site-packages\starlette\applications.py:107: in __call__
    await self.middleware_stack(scope, receive, send)
C:\Users\ZNBC\.conda\envs\ai-infer-test\Lib\site-packages\starlette\middleware\errors.py:186: in __call__
    raise exc
C:\Users\ZNBC\.conda\envs\ai-infer-test\Lib\site-packages\starlette\middleware\errors.py:164: in __call__
    await self.app(scope, receive, _send)
C:\Users\ZNBC\.conda\envs\ai-infer-test\Lib\site-packages\starlette\middleware\base.py:191: in __call__
    with recv_stream, send_stream, collapse_excgroups():
C:\Users\ZNBC\.conda\envs\ai-infer-test\Lib\contextlib.py:158: in __exit__
    self.gen.throw(typ, value, traceback)
C:\Users\ZNBC\.conda\envs\ai-infer-test\Lib\site-packages\starlette\_utils.py:87: in collapse_excgroups
    raise exc
C:\Users\ZNBC\.conda\envs\ai-infer-test\Lib\site-packages\starlette\middleware\base.py:193: in __call__
    response = await self.dispatch_func(request, call_next)
               ^^^^^^^^^^^^^^^^^^^^^^^^^^^^^^^^^^^^^^^^^^^^
src\middleware\rate_limiter.py:215: in dispatch
    response = await call_next(request)
               ^^^^^^^^^^^^^^^^^^^^^^^^
C:\Users\ZNBC\.conda\envs\ai-infer-test\Lib\site-packages\starlette\middleware\base.py:168: in call_next
    raise app_exc from app_exc.__cause__ or app_exc.__context__
C:\Users\ZNBC\.conda\envs\ai-infer-test\Lib\site-packages\starlette\middleware\base.py:144: in coro
    await self.app(scope, receive_or_disconnect, send_no_error)
C:\Users\ZNBC\.conda\envs\ai-infer-test\Lib\site-packages\starlette\middleware\exceptions.py:63: in __call__
    await wrap_app_handling_exceptions(self.app, conn)(scope, receive, send)
C:\Users\ZNBC\.conda\envs\ai-infer-test\Lib\site-packages\starlette\_exception_handler.py:53: in wrapped_app
    raise exc
C:\Users\ZNBC\.conda\envs\ai-infer-test\Lib\site-packages\starlette\_exception_handler.py:42: in wrapped_app
    await app(scope, receive, sender)
C:\Users\ZNBC\.conda\envs\ai-infer-test\Lib\site-packages\fastapi\middleware\asyncexitstack.py:18: in __call__
    await self.app(scope, receive, send)
C:\Users\ZNBC\.conda\envs\ai-infer-test\Lib\site-packages\starlette\routing.py:716: in __call__
    await self.middleware_stack(scope, receive, send)
C:\Users\ZNBC\.conda\envs\ai-infer-test\Lib\site-packages\starlette\routing.py:736: in app
    await route.handle(scope, receive, send)
C:\Users\ZNBC\.conda\envs\ai-infer-test\Lib\site-packages\starlette\routing.py:290: in handle
    await self.app(scope, receive, send)
C:\Users\ZNBC\.conda\envs\ai-infer-test\Lib\site-packages\fastapi\routing.py:130: in app
    await wrap_app_handling_exceptions(app, request)(scope, receive, send)
C:\Users\ZNBC\.conda\envs\ai-infer-test\Lib\site-packages\starlette\_exception_handler.py:53: in wrapped_app
    raise exc
C:\Users\ZNBC\.conda\envs\ai-infer-test\Lib\site-packages\starlette\_exception_handler.py:42: in wrapped_app
    await app(scope, receive, sender)
C:\Users\ZNBC\.conda\envs\ai-infer-test\Lib\site-packages\fastapi\routing.py:116: in app
    response = await f(request)
               ^^^^^^^^^^^^^^^^
C:\Users\ZNBC\.conda\envs\ai-infer-test\Lib\site-packages\fastapi\routing.py:453: in app
    solved_result = await solve_dependencies(
C:\Users\ZNBC\.conda\envs\ai-infer-test\Lib\site-packages\fastapi\dependencies\utils.py:677: in solve_dependencies
    solved = await run_in_threadpool(call, **solved_result.values)
             ^^^^^^^^^^^^^^^^^^^^^^^^^^^^^^^^^^^^^^^^^^^^^^^^^^^^^
C:\Users\ZNBC\.conda\envs\ai-infer-test\Lib\site-packages\starlette\concurrency.py:32: in run_in_threadpool
    return await anyio.to_thread.run_sync(func)
           ^^^^^^^^^^^^^^^^^^^^^^^^^^^^^^^^^^^^
c:\Users\ZNBC\.conda\envs\ai-infer-test\Lib\site-packages\anyio\to_thread.py:63: in run_sync
    return await get_async_backend().run_sync_in_worker_thread(
c:\Users\ZNBC\.conda\envs\ai-infer-test\Lib\site-packages\anyio\_backends\_asyncio.py:2502: in run_sync_in_worker_thread
    return await future
           ^^^^^^^^^^^^
c:\Users\ZNBC\.conda\envs\ai-infer-test\Lib\site-packages\anyio\_backends\_asyncio.py:986: in run
    result = context.run(func, *args)
             ^^^^^^^^^^^^^^^^^^^^^^^^
src\app.py:186: in get_engine
    raise RuntimeError("InferenceEngine not initialized")
E   RuntimeError: InferenceEngine not initialized
---------------------------- Captured stdout call -----------------------------
2026-03-16 22:28:16 [error    ] unhandled_exception            [src.app] exc_msg='InferenceEngine not initialized' exc_type=RuntimeError
________________________________ test_generate ________________________________
code_tests\app_test.py:125: in test_generate
    resp = await client.post(
C:\Users\ZNBC\.conda\envs\ai-infer-test\Lib\site-packages\httpx\_client.py:1859: in post
    return await self.request(
C:\Users\ZNBC\.conda\envs\ai-infer-test\Lib\site-packages\httpx\_client.py:1540: in request
    return await self.send(request, auth=auth, follow_redirects=follow_redirects)
           ^^^^^^^^^^^^^^^^^^^^^^^^^^^^^^^^^^^^^^^^^^^^^^^^^^^^^^^^^^^^^^^^^^^^^^
C:\Users\ZNBC\.conda\envs\ai-infer-test\Lib\site-packages\httpx\_client.py:1629: in send
    response = await self._send_handling_auth(
C:\Users\ZNBC\.conda\envs\ai-infer-test\Lib\site-packages\httpx\_client.py:1657: in _send_handling_auth
    response = await self._send_handling_redirects(
C:\Users\ZNBC\.conda\envs\ai-infer-test\Lib\site-packages\httpx\_client.py:1694: in _send_handling_redirects
    response = await self._send_single_request(request)
               ^^^^^^^^^^^^^^^^^^^^^^^^^^^^^^^^^^^^^^^^
C:\Users\ZNBC\.conda\envs\ai-infer-test\Lib\site-packages\httpx\_client.py:1730: in _send_single_request
    response = await transport.handle_async_request(request)
               ^^^^^^^^^^^^^^^^^^^^^^^^^^^^^^^^^^^^^^^^^^^^^
C:\Users\ZNBC\.conda\envs\ai-infer-test\Lib\site-packages\httpx\_transports\asgi.py:170: in handle_async_request
    await self.app(scope, receive, send)
C:\Users\ZNBC\.conda\envs\ai-infer-test\Lib\site-packages\fastapi\applications.py:1160: in __call__
    await super().__call__(scope, receive, send)
C:\Users\ZNBC\.conda\envs\ai-infer-test\Lib\site-packages\starlette\applications.py:107: in __call__
    await self.middleware_stack(scope, receive, send)
C:\Users\ZNBC\.conda\envs\ai-infer-test\Lib\site-packages\starlette\middleware\errors.py:186: in __call__
    raise exc
C:\Users\ZNBC\.conda\envs\ai-infer-test\Lib\site-packages\starlette\middleware\errors.py:164: in __call__
    await self.app(scope, receive, _send)
C:\Users\ZNBC\.conda\envs\ai-infer-test\Lib\site-packages\starlette\middleware\base.py:191: in __call__
    with recv_stream, send_stream, collapse_excgroups():
C:\Users\ZNBC\.conda\envs\ai-infer-test\Lib\contextlib.py:158: in __exit__
    self.gen.throw(typ, value, traceback)
C:\Users\ZNBC\.conda\envs\ai-infer-test\Lib\site-packages\starlette\_utils.py:87: in collapse_excgroups
    raise exc
C:\Users\ZNBC\.conda\envs\ai-infer-test\Lib\site-packages\starlette\middleware\base.py:193: in __call__
    response = await self.dispatch_func(request, call_next)
               ^^^^^^^^^^^^^^^^^^^^^^^^^^^^^^^^^^^^^^^^^^^^
src\middleware\rate_limiter.py:215: in dispatch
    response = await call_next(request)
               ^^^^^^^^^^^^^^^^^^^^^^^^
C:\Users\ZNBC\.conda\envs\ai-infer-test\Lib\site-packages\starlette\middleware\base.py:168: in call_next
    raise app_exc from app_exc.__cause__ or app_exc.__context__
C:\Users\ZNBC\.conda\envs\ai-infer-test\Lib\site-packages\starlette\middleware\base.py:144: in coro
    await self.app(scope, receive_or_disconnect, send_no_error)
C:\Users\ZNBC\.conda\envs\ai-infer-test\Lib\site-packages\starlette\middleware\exceptions.py:63: in __call__
    await wrap_app_handling_exceptions(self.app, conn)(scope, receive, send)
C:\Users\ZNBC\.conda\envs\ai-infer-test\Lib\site-packages\starlette\_exception_handler.py:53: in wrapped_app
    raise exc
C:\Users\ZNBC\.conda\envs\ai-infer-test\Lib\site-packages\starlette\_exception_handler.py:42: in wrapped_app
    await app(scope, receive, sender)
C:\Users\ZNBC\.conda\envs\ai-infer-test\Lib\site-packages\fastapi\middleware\asyncexitstack.py:18: in __call__
    await self.app(scope, receive, send)
C:\Users\ZNBC\.conda\envs\ai-infer-test\Lib\site-packages\starlette\routing.py:716: in __call__
    await self.middleware_stack(scope, receive, send)
C:\Users\ZNBC\.conda\envs\ai-infer-test\Lib\site-packages\starlette\routing.py:736: in app
    await route.handle(scope, receive, send)
C:\Users\ZNBC\.conda\envs\ai-infer-test\Lib\site-packages\starlette\routing.py:290: in handle
    await self.app(scope, receive, send)
C:\Users\ZNBC\.conda\envs\ai-infer-test\Lib\site-packages\fastapi\routing.py:130: in app
    await wrap_app_handling_exceptions(app, request)(scope, receive, send)
C:\Users\ZNBC\.conda\envs\ai-infer-test\Lib\site-packages\starlette\_exception_handler.py:53: in wrapped_app
    raise exc
C:\Users\ZNBC\.conda\envs\ai-infer-test\Lib\site-packages\starlette\_exception_handler.py:42: in wrapped_app
    await app(scope, receive, sender)
C:\Users\ZNBC\.conda\envs\ai-infer-test\Lib\site-packages\fastapi\routing.py:116: in app
    response = await f(request)
               ^^^^^^^^^^^^^^^^
C:\Users\ZNBC\.conda\envs\ai-infer-test\Lib\site-packages\fastapi\routing.py:453: in app
    solved_result = await solve_dependencies(
C:\Users\ZNBC\.conda\envs\ai-infer-test\Lib\site-packages\fastapi\dependencies\utils.py:677: in solve_dependencies
    solved = await run_in_threadpool(call, **solved_result.values)
             ^^^^^^^^^^^^^^^^^^^^^^^^^^^^^^^^^^^^^^^^^^^^^^^^^^^^^
C:\Users\ZNBC\.conda\envs\ai-infer-test\Lib\site-packages\starlette\concurrency.py:32: in run_in_threadpool
    return await anyio.to_thread.run_sync(func)
           ^^^^^^^^^^^^^^^^^^^^^^^^^^^^^^^^^^^^
c:\Users\ZNBC\.conda\envs\ai-infer-test\Lib\site-packages\anyio\to_thread.py:63: in run_sync
    return await get_async_backend().run_sync_in_worker_thread(
c:\Users\ZNBC\.conda\envs\ai-infer-test\Lib\site-packages\anyio\_backends\_asyncio.py:2502: in run_sync_in_worker_thread
    return await future
           ^^^^^^^^^^^^
c:\Users\ZNBC\.conda\envs\ai-infer-test\Lib\site-packages\anyio\_backends\_asyncio.py:986: in run
    result = context.run(func, *args)
             ^^^^^^^^^^^^^^^^^^^^^^^^
src\app.py:186: in get_engine
    raise RuntimeError("InferenceEngine not initialized")
E   RuntimeError: InferenceEngine not initialized
---------------------------- Captured stdout call -----------------------------
2026-03-16 22:28:16 [error    ] unhandled_exception            [src.app] exc_msg='InferenceEngine not initialized' exc_type=RuntimeError
___________________ test_generate_empty_prompt_returns_422 ____________________
code_tests\app_test.py:140: in test_generate_empty_prompt_returns_422
    resp = await client.post("/api/v1/generate", json={"prompt": ""})
           ^^^^^^^^^^^^^^^^^^^^^^^^^^^^^^^^^^^^^^^^^^^^^^^^^^^^^^^^^^
C:\Users\ZNBC\.conda\envs\ai-infer-test\Lib\site-packages\httpx\_client.py:1859: in post
    return await self.request(
C:\Users\ZNBC\.conda\envs\ai-infer-test\Lib\site-packages\httpx\_client.py:1540: in request
    return await self.send(request, auth=auth, follow_redirects=follow_redirects)
           ^^^^^^^^^^^^^^^^^^^^^^^^^^^^^^^^^^^^^^^^^^^^^^^^^^^^^^^^^^^^^^^^^^^^^^
C:\Users\ZNBC\.conda\envs\ai-infer-test\Lib\site-packages\httpx\_client.py:1629: in send
    response = await self._send_handling_auth(
C:\Users\ZNBC\.conda\envs\ai-infer-test\Lib\site-packages\httpx\_client.py:1657: in _send_handling_auth
    response = await self._send_handling_redirects(
C:\Users\ZNBC\.conda\envs\ai-infer-test\Lib\site-packages\httpx\_client.py:1694: in _send_handling_redirects
    response = await self._send_single_request(request)
               ^^^^^^^^^^^^^^^^^^^^^^^^^^^^^^^^^^^^^^^^
C:\Users\ZNBC\.conda\envs\ai-infer-test\Lib\site-packages\httpx\_client.py:1730: in _send_single_request
    response = await transport.handle_async_request(request)
               ^^^^^^^^^^^^^^^^^^^^^^^^^^^^^^^^^^^^^^^^^^^^^
C:\Users\ZNBC\.conda\envs\ai-infer-test\Lib\site-packages\httpx\_transports\asgi.py:170: in handle_async_request
    await self.app(scope, receive, send)
C:\Users\ZNBC\.conda\envs\ai-infer-test\Lib\site-packages\fastapi\applications.py:1160: in __call__
    await super().__call__(scope, receive, send)
C:\Users\ZNBC\.conda\envs\ai-infer-test\Lib\site-packages\starlette\applications.py:107: in __call__
    await self.middleware_stack(scope, receive, send)
C:\Users\ZNBC\.conda\envs\ai-infer-test\Lib\site-packages\starlette\middleware\errors.py:186: in __call__
    raise exc
C:\Users\ZNBC\.conda\envs\ai-infer-test\Lib\site-packages\starlette\middleware\errors.py:164: in __call__
    await self.app(scope, receive, _send)
C:\Users\ZNBC\.conda\envs\ai-infer-test\Lib\site-packages\starlette\middleware\base.py:191: in __call__
    with recv_stream, send_stream, collapse_excgroups():
C:\Users\ZNBC\.conda\envs\ai-infer-test\Lib\contextlib.py:158: in __exit__
    self.gen.throw(typ, value, traceback)
C:\Users\ZNBC\.conda\envs\ai-infer-test\Lib\site-packages\starlette\_utils.py:87: in collapse_excgroups
    raise exc
C:\Users\ZNBC\.conda\envs\ai-infer-test\Lib\site-packages\starlette\middleware\base.py:193: in __call__
    response = await self.dispatch_func(request, call_next)
               ^^^^^^^^^^^^^^^^^^^^^^^^^^^^^^^^^^^^^^^^^^^^
src\middleware\rate_limiter.py:215: in dispatch
    response = await call_next(request)
               ^^^^^^^^^^^^^^^^^^^^^^^^
C:\Users\ZNBC\.conda\envs\ai-infer-test\Lib\site-packages\starlette\middleware\base.py:168: in call_next
    raise app_exc from app_exc.__cause__ or app_exc.__context__
C:\Users\ZNBC\.conda\envs\ai-infer-test\Lib\site-packages\starlette\middleware\base.py:144: in coro
    await self.app(scope, receive_or_disconnect, send_no_error)
C:\Users\ZNBC\.conda\envs\ai-infer-test\Lib\site-packages\starlette\middleware\exceptions.py:63: in __call__
    await wrap_app_handling_exceptions(self.app, conn)(scope, receive, send)
C:\Users\ZNBC\.conda\envs\ai-infer-test\Lib\site-packages\starlette\_exception_handler.py:53: in wrapped_app
    raise exc
C:\Users\ZNBC\.conda\envs\ai-infer-test\Lib\site-packages\starlette\_exception_handler.py:42: in wrapped_app
    await app(scope, receive, sender)
C:\Users\ZNBC\.conda\envs\ai-infer-test\Lib\site-packages\fastapi\middleware\asyncexitstack.py:18: in __call__
    await self.app(scope, receive, send)
C:\Users\ZNBC\.conda\envs\ai-infer-test\Lib\site-packages\starlette\routing.py:716: in __call__
    await self.middleware_stack(scope, receive, send)
C:\Users\ZNBC\.conda\envs\ai-infer-test\Lib\site-packages\starlette\routing.py:736: in app
    await route.handle(scope, receive, send)
C:\Users\ZNBC\.conda\envs\ai-infer-test\Lib\site-packages\starlette\routing.py:290: in handle
    await self.app(scope, receive, send)
C:\Users\ZNBC\.conda\envs\ai-infer-test\Lib\site-packages\fastapi\routing.py:130: in app
    await wrap_app_handling_exceptions(app, request)(scope, receive, send)
C:\Users\ZNBC\.conda\envs\ai-infer-test\Lib\site-packages\starlette\_exception_handler.py:53: in wrapped_app
    raise exc
C:\Users\ZNBC\.conda\envs\ai-infer-test\Lib\site-packages\starlette\_exception_handler.py:42: in wrapped_app
    await app(scope, receive, sender)
C:\Users\ZNBC\.conda\envs\ai-infer-test\Lib\site-packages\fastapi\routing.py:116: in app
    response = await f(request)
               ^^^^^^^^^^^^^^^^
C:\Users\ZNBC\.conda\envs\ai-infer-test\Lib\site-packages\fastapi\routing.py:453: in app
    solved_result = await solve_dependencies(
C:\Users\ZNBC\.conda\envs\ai-infer-test\Lib\site-packages\fastapi\dependencies\utils.py:677: in solve_dependencies
    solved = await run_in_threadpool(call, **solved_result.values)
             ^^^^^^^^^^^^^^^^^^^^^^^^^^^^^^^^^^^^^^^^^^^^^^^^^^^^^
C:\Users\ZNBC\.conda\envs\ai-infer-test\Lib\site-packages\starlette\concurrency.py:32: in run_in_threadpool
    return await anyio.to_thread.run_sync(func)
           ^^^^^^^^^^^^^^^^^^^^^^^^^^^^^^^^^^^^
c:\Users\ZNBC\.conda\envs\ai-infer-test\Lib\site-packages\anyio\to_thread.py:63: in run_sync
    return await get_async_backend().run_sync_in_worker_thread(
c:\Users\ZNBC\.conda\envs\ai-infer-test\Lib\site-packages\anyio\_backends\_asyncio.py:2502: in run_sync_in_worker_thread
    return await future
           ^^^^^^^^^^^^
c:\Users\ZNBC\.conda\envs\ai-infer-test\Lib\site-packages\anyio\_backends\_asyncio.py:986: in run
    result = context.run(func, *args)
             ^^^^^^^^^^^^^^^^^^^^^^^^
src\app.py:186: in get_engine
    raise RuntimeError("InferenceEngine not initialized")
E   RuntimeError: InferenceEngine not initialized
---------------------------- Captured stdout call -----------------------------
2026-03-16 22:28:16 [error    ] unhandled_exception            [src.app] exc_msg='InferenceEngine not initialized' exc_type=RuntimeError
_________________________ test_metrics_after_requests _________________________
code_tests\app_test.py:149: in test_metrics_after_requests
    resp = await client.get("/api/v1/metrics")
           ^^^^^^^^^^^^^^^^^^^^^^^^^^^^^^^^^^^
C:\Users\ZNBC\.conda\envs\ai-infer-test\Lib\site-packages\httpx\_client.py:1768: in get
    return await self.request(
C:\Users\ZNBC\.conda\envs\ai-infer-test\Lib\site-packages\httpx\_client.py:1540: in request
    return await self.send(request, auth=auth, follow_redirects=follow_redirects)
           ^^^^^^^^^^^^^^^^^^^^^^^^^^^^^^^^^^^^^^^^^^^^^^^^^^^^^^^^^^^^^^^^^^^^^^
C:\Users\ZNBC\.conda\envs\ai-infer-test\Lib\site-packages\httpx\_client.py:1629: in send
    response = await self._send_handling_auth(
C:\Users\ZNBC\.conda\envs\ai-infer-test\Lib\site-packages\httpx\_client.py:1657: in _send_handling_auth
    response = await self._send_handling_redirects(
C:\Users\ZNBC\.conda\envs\ai-infer-test\Lib\site-packages\httpx\_client.py:1694: in _send_handling_redirects
    response = await self._send_single_request(request)
               ^^^^^^^^^^^^^^^^^^^^^^^^^^^^^^^^^^^^^^^^
C:\Users\ZNBC\.conda\envs\ai-infer-test\Lib\site-packages\httpx\_client.py:1730: in _send_single_request
    response = await transport.handle_async_request(request)
               ^^^^^^^^^^^^^^^^^^^^^^^^^^^^^^^^^^^^^^^^^^^^^
C:\Users\ZNBC\.conda\envs\ai-infer-test\Lib\site-packages\httpx\_transports\asgi.py:170: in handle_async_request
    await self.app(scope, receive, send)
C:\Users\ZNBC\.conda\envs\ai-infer-test\Lib\site-packages\fastapi\applications.py:1160: in __call__
    await super().__call__(scope, receive, send)
C:\Users\ZNBC\.conda\envs\ai-infer-test\Lib\site-packages\starlette\applications.py:107: in __call__
    await self.middleware_stack(scope, receive, send)
C:\Users\ZNBC\.conda\envs\ai-infer-test\Lib\site-packages\starlette\middleware\errors.py:186: in __call__
    raise exc
C:\Users\ZNBC\.conda\envs\ai-infer-test\Lib\site-packages\starlette\middleware\errors.py:164: in __call__
    await self.app(scope, receive, _send)
C:\Users\ZNBC\.conda\envs\ai-infer-test\Lib\site-packages\starlette\middleware\base.py:191: in __call__
    with recv_stream, send_stream, collapse_excgroups():
C:\Users\ZNBC\.conda\envs\ai-infer-test\Lib\contextlib.py:158: in __exit__
    self.gen.throw(typ, value, traceback)
C:\Users\ZNBC\.conda\envs\ai-infer-test\Lib\site-packages\starlette\_utils.py:87: in collapse_excgroups
    raise exc
C:\Users\ZNBC\.conda\envs\ai-infer-test\Lib\site-packages\starlette\middleware\base.py:193: in __call__
    response = await self.dispatch_func(request, call_next)
               ^^^^^^^^^^^^^^^^^^^^^^^^^^^^^^^^^^^^^^^^^^^^
src\middleware\rate_limiter.py:215: in dispatch
    response = await call_next(request)
               ^^^^^^^^^^^^^^^^^^^^^^^^
C:\Users\ZNBC\.conda\envs\ai-infer-test\Lib\site-packages\starlette\middleware\base.py:168: in call_next
    raise app_exc from app_exc.__cause__ or app_exc.__context__
C:\Users\ZNBC\.conda\envs\ai-infer-test\Lib\site-packages\starlette\middleware\base.py:144: in coro
    await self.app(scope, receive_or_disconnect, send_no_error)
C:\Users\ZNBC\.conda\envs\ai-infer-test\Lib\site-packages\starlette\middleware\exceptions.py:63: in __call__
    await wrap_app_handling_exceptions(self.app, conn)(scope, receive, send)
C:\Users\ZNBC\.conda\envs\ai-infer-test\Lib\site-packages\starlette\_exception_handler.py:53: in wrapped_app
    raise exc
C:\Users\ZNBC\.conda\envs\ai-infer-test\Lib\site-packages\starlette\_exception_handler.py:42: in wrapped_app
    await app(scope, receive, sender)
C:\Users\ZNBC\.conda\envs\ai-infer-test\Lib\site-packages\fastapi\middleware\asyncexitstack.py:18: in __call__
    await self.app(scope, receive, send)
C:\Users\ZNBC\.conda\envs\ai-infer-test\Lib\site-packages\starlette\routing.py:716: in __call__
    await self.middleware_stack(scope, receive, send)
C:\Users\ZNBC\.conda\envs\ai-infer-test\Lib\site-packages\starlette\routing.py:736: in app
    await route.handle(scope, receive, send)
C:\Users\ZNBC\.conda\envs\ai-infer-test\Lib\site-packages\starlette\routing.py:290: in handle
    await self.app(scope, receive, send)
C:\Users\ZNBC\.conda\envs\ai-infer-test\Lib\site-packages\fastapi\routing.py:130: in app
    await wrap_app_handling_exceptions(app, request)(scope, receive, send)
C:\Users\ZNBC\.conda\envs\ai-infer-test\Lib\site-packages\starlette\_exception_handler.py:53: in wrapped_app
    raise exc
C:\Users\ZNBC\.conda\envs\ai-infer-test\Lib\site-packages\starlette\_exception_handler.py:42: in wrapped_app
    await app(scope, receive, sender)
C:\Users\ZNBC\.conda\envs\ai-infer-test\Lib\site-packages\fastapi\routing.py:116: in app
    response = await f(request)
               ^^^^^^^^^^^^^^^^
C:\Users\ZNBC\.conda\envs\ai-infer-test\Lib\site-packages\fastapi\routing.py:453: in app
    solved_result = await solve_dependencies(
C:\Users\ZNBC\.conda\envs\ai-infer-test\Lib\site-packages\fastapi\dependencies\utils.py:677: in solve_dependencies
    solved = await run_in_threadpool(call, **solved_result.values)
             ^^^^^^^^^^^^^^^^^^^^^^^^^^^^^^^^^^^^^^^^^^^^^^^^^^^^^
C:\Users\ZNBC\.conda\envs\ai-infer-test\Lib\site-packages\starlette\concurrency.py:32: in run_in_threadpool
    return await anyio.to_thread.run_sync(func)
           ^^^^^^^^^^^^^^^^^^^^^^^^^^^^^^^^^^^^
c:\Users\ZNBC\.conda\envs\ai-infer-test\Lib\site-packages\anyio\to_thread.py:63: in run_sync
    return await get_async_backend().run_sync_in_worker_thread(
c:\Users\ZNBC\.conda\envs\ai-infer-test\Lib\site-packages\anyio\_backends\_asyncio.py:2502: in run_sync_in_worker_thread
    return await future
           ^^^^^^^^^^^^
c:\Users\ZNBC\.conda\envs\ai-infer-test\Lib\site-packages\anyio\_backends\_asyncio.py:986: in run
    result = context.run(func, *args)
             ^^^^^^^^^^^^^^^^^^^^^^^^
src\app.py:186: in get_engine
    raise RuntimeError("InferenceEngine not initialized")
E   RuntimeError: InferenceEngine not initialized
---------------------------- Captured stdout call -----------------------------
2026-03-16 22:28:17 [error    ] unhandled_exception            [src.app] exc_msg='InferenceEngine not initialized' exc_type=RuntimeError
________________________ test_rate_limit_triggers_429 _________________________
code_tests\app_test.py:164: in test_rate_limit_triggers_429
    r = await client.post(
C:\Users\ZNBC\.conda\envs\ai-infer-test\Lib\site-packages\httpx\_client.py:1859: in post
    return await self.request(
C:\Users\ZNBC\.conda\envs\ai-infer-test\Lib\site-packages\httpx\_client.py:1540: in request
    return await self.send(request, auth=auth, follow_redirects=follow_redirects)
           ^^^^^^^^^^^^^^^^^^^^^^^^^^^^^^^^^^^^^^^^^^^^^^^^^^^^^^^^^^^^^^^^^^^^^^
C:\Users\ZNBC\.conda\envs\ai-infer-test\Lib\site-packages\httpx\_client.py:1629: in send
    response = await self._send_handling_auth(
C:\Users\ZNBC\.conda\envs\ai-infer-test\Lib\site-packages\httpx\_client.py:1657: in _send_handling_auth
    response = await self._send_handling_redirects(
C:\Users\ZNBC\.conda\envs\ai-infer-test\Lib\site-packages\httpx\_client.py:1694: in _send_handling_redirects
    response = await self._send_single_request(request)
               ^^^^^^^^^^^^^^^^^^^^^^^^^^^^^^^^^^^^^^^^
C:\Users\ZNBC\.conda\envs\ai-infer-test\Lib\site-packages\httpx\_client.py:1730: in _send_single_request
    response = await transport.handle_async_request(request)
               ^^^^^^^^^^^^^^^^^^^^^^^^^^^^^^^^^^^^^^^^^^^^^
C:\Users\ZNBC\.conda\envs\ai-infer-test\Lib\site-packages\httpx\_transports\asgi.py:170: in handle_async_request
    await self.app(scope, receive, send)
C:\Users\ZNBC\.conda\envs\ai-infer-test\Lib\site-packages\fastapi\applications.py:1160: in __call__
    await super().__call__(scope, receive, send)
C:\Users\ZNBC\.conda\envs\ai-infer-test\Lib\site-packages\starlette\applications.py:107: in __call__
    await self.middleware_stack(scope, receive, send)
C:\Users\ZNBC\.conda\envs\ai-infer-test\Lib\site-packages\starlette\middleware\errors.py:186: in __call__
    raise exc
C:\Users\ZNBC\.conda\envs\ai-infer-test\Lib\site-packages\starlette\middleware\errors.py:164: in __call__
    await self.app(scope, receive, _send)
C:\Users\ZNBC\.conda\envs\ai-infer-test\Lib\site-packages\starlette\middleware\base.py:191: in __call__
    with recv_stream, send_stream, collapse_excgroups():
C:\Users\ZNBC\.conda\envs\ai-infer-test\Lib\contextlib.py:158: in __exit__
    self.gen.throw(typ, value, traceback)
C:\Users\ZNBC\.conda\envs\ai-infer-test\Lib\site-packages\starlette\_utils.py:87: in collapse_excgroups
    raise exc
C:\Users\ZNBC\.conda\envs\ai-infer-test\Lib\site-packages\starlette\middleware\base.py:193: in __call__
    response = await self.dispatch_func(request, call_next)
               ^^^^^^^^^^^^^^^^^^^^^^^^^^^^^^^^^^^^^^^^^^^^
src\middleware\rate_limiter.py:215: in dispatch
    response = await call_next(request)
               ^^^^^^^^^^^^^^^^^^^^^^^^
C:\Users\ZNBC\.conda\envs\ai-infer-test\Lib\site-packages\starlette\middleware\base.py:168: in call_next
    raise app_exc from app_exc.__cause__ or app_exc.__context__
C:\Users\ZNBC\.conda\envs\ai-infer-test\Lib\site-packages\starlette\middleware\base.py:144: in coro
    await self.app(scope, receive_or_disconnect, send_no_error)
C:\Users\ZNBC\.conda\envs\ai-infer-test\Lib\site-packages\starlette\middleware\exceptions.py:63: in __call__
    await wrap_app_handling_exceptions(self.app, conn)(scope, receive, send)
C:\Users\ZNBC\.conda\envs\ai-infer-test\Lib\site-packages\starlette\_exception_handler.py:53: in wrapped_app
    raise exc
C:\Users\ZNBC\.conda\envs\ai-infer-test\Lib\site-packages\starlette\_exception_handler.py:42: in wrapped_app
    await app(scope, receive, sender)
C:\Users\ZNBC\.conda\envs\ai-infer-test\Lib\site-packages\fastapi\middleware\asyncexitstack.py:18: in __call__
    await self.app(scope, receive, send)
C:\Users\ZNBC\.conda\envs\ai-infer-test\Lib\site-packages\starlette\routing.py:716: in __call__
    await self.middleware_stack(scope, receive, send)
C:\Users\ZNBC\.conda\envs\ai-infer-test\Lib\site-packages\starlette\routing.py:736: in app
    await route.handle(scope, receive, send)
C:\Users\ZNBC\.conda\envs\ai-infer-test\Lib\site-packages\starlette\routing.py:290: in handle
    await self.app(scope, receive, send)
C:\Users\ZNBC\.conda\envs\ai-infer-test\Lib\site-packages\fastapi\routing.py:130: in app
    await wrap_app_handling_exceptions(app, request)(scope, receive, send)
C:\Users\ZNBC\.conda\envs\ai-infer-test\Lib\site-packages\starlette\_exception_handler.py:53: in wrapped_app
    raise exc
C:\Users\ZNBC\.conda\envs\ai-infer-test\Lib\site-packages\starlette\_exception_handler.py:42: in wrapped_app
    await app(scope, receive, sender)
C:\Users\ZNBC\.conda\envs\ai-infer-test\Lib\site-packages\fastapi\routing.py:116: in app
    response = await f(request)
               ^^^^^^^^^^^^^^^^
C:\Users\ZNBC\.conda\envs\ai-infer-test\Lib\site-packages\fastapi\routing.py:453: in app
    solved_result = await solve_dependencies(
C:\Users\ZNBC\.conda\envs\ai-infer-test\Lib\site-packages\fastapi\dependencies\utils.py:677: in solve_dependencies
    solved = await run_in_threadpool(call, **solved_result.values)
             ^^^^^^^^^^^^^^^^^^^^^^^^^^^^^^^^^^^^^^^^^^^^^^^^^^^^^
C:\Users\ZNBC\.conda\envs\ai-infer-test\Lib\site-packages\starlette\concurrency.py:32: in run_in_threadpool
    return await anyio.to_thread.run_sync(func)
           ^^^^^^^^^^^^^^^^^^^^^^^^^^^^^^^^^^^^
c:\Users\ZNBC\.conda\envs\ai-infer-test\Lib\site-packages\anyio\to_thread.py:63: in run_sync
    return await get_async_backend().run_sync_in_worker_thread(
c:\Users\ZNBC\.conda\envs\ai-infer-test\Lib\site-packages\anyio\_backends\_asyncio.py:2502: in run_sync_in_worker_thread
    return await future
           ^^^^^^^^^^^^
c:\Users\ZNBC\.conda\envs\ai-infer-test\Lib\site-packages\anyio\_backends\_asyncio.py:986: in run
    result = context.run(func, *args)
             ^^^^^^^^^^^^^^^^^^^^^^^^
src\app.py:186: in get_engine
    raise RuntimeError("InferenceEngine not initialized")
E   RuntimeError: InferenceEngine not initialized
---------------------------- Captured stdout call -----------------------------
2026-03-16 22:28:17 [error    ] unhandled_exception            [src.app] exc_msg='InferenceEngine not initialized' exc_type=RuntimeError
=========================== short test summary info ===========================
FAILED code_tests/app_test.py::test_health - assert 0 == 2
FAILED code_tests/app_test.py::test_list_models - RuntimeError: ModelRegistry...
FAILED code_tests/app_test.py::test_classify_sports - RuntimeError: Inference...
FAILED code_tests/app_test.py::test_classify_empty_text_returns_422 - Runtime...
FAILED code_tests/app_test.py::test_classify_missing_field_returns_422 - Runt...
FAILED code_tests/app_test.py::test_batch_classify - RuntimeError: InferenceE...
FAILED code_tests/app_test.py::test_batch_classify_empty_list_returns_422 - R...
FAILED code_tests/app_test.py::test_generate - RuntimeError: InferenceEngine ...
FAILED code_tests/app_test.py::test_generate_empty_prompt_returns_422 - Runti...
FAILED code_tests/app_test.py::test_metrics_after_requests - RuntimeError: In...
FAILED code_tests/app_test.py::test_rate_limit_triggers_429 - RuntimeError: I...
============================= 11 failed in 4.93s ==============================
